<?xml version="1.0" encoding="UTF-8"?>
<!-- Generated by org.testng.reporters.JUnitXMLReporter -->
<testsuite ignored="0" hostname="LAPTOP-VOQUA57D" failures="0" tests="6" name="Default test" time="13.25" errors="0" timestamp="2024-06-01T11:43:34 IST">
  <testcase classname="api.test.DataDrivenTests" name="testPostUser" time="3.172"/>
  <testcase classname="api.test.DataDrivenTests" name="testPostUser" time="1.659"/>
  <testcase classname="api.test.DataDrivenTests" name="testPostUser" time="1.735"/>
  <testcase classname="api.test.DataDrivenTests" name="testDeleteUserByName" time="1.781"/>
  <testcase classname="api.test.DataDrivenTests" name="testDeleteUserByName" time="1.841"/>
  <testcase classname="api.test.DataDrivenTests" name="testDeleteUserByName" time="1.841"/>
</testsuite> <!-- Default test -->
