<?xml version="1.0" encoding="UTF-8"?>
<!-- Generated by org.testng.reporters.JUnitXMLReporter -->
<testsuite ignored="0" hostname="LAPTOP-VOQUA57D" failures="0" tests="14" name="PetTests" time="27.384" errors="0" timestamp="2024-06-02T19:41:13 IST">
  <testcase classname="api.test.DataDrivenTests" name="testPostUser" time="2.62"/>
  <testcase classname="api.test.DataDrivenTests" name="testPostUser" time="1.671"/>
  <testcase classname="api.test.DataDrivenTests" name="testPostUser" time="1.597"/>
  <testcase classname="api.test.DataDrivenTests" name="testDeleteUserByName" time="1.216"/>
  <testcase classname="api.test.DataDrivenTests" name="testDeleteUserByName" time="1.6"/>
  <testcase classname="api.test.DataDrivenTests" name="testDeleteUserByName" time="1.598"/>
  <testcase classname="api.test.UserTests1" name="testPostUser" time="1.644"/>
  <testcase classname="api.test.UserTests1" name="testGetUserByName" time="1.593"/>
  <testcase classname="api.test.UserTests1" name="testUpdateUserByName" time="3.0"/>
  <testcase classname="api.test.UserTests1" name="testDeleteUserByName" time="1.632"/>
  <testcase classname="api.test.UserTests2" name="testPostUser" time="1.44"/>
  <testcase classname="api.test.UserTests2" name="testGetUserByName" time="1.344"/>
  <testcase classname="api.test.UserTests2" name="testUpdateUserByName" time="3.1"/>
  <testcase classname="api.test.UserTests2" name="testDeleteUserByName" time="1.607"/>
</testsuite> <!-- PetTests -->
