<?xml version="1.0" encoding="UTF-8"?>
<!-- Generated by org.testng.reporters.JUnitXMLReporter -->
<testsuite ignored="0" hostname="LAPTOP-VOQUA57D" failures="0" tests="14" name="PetTests" time="27.282" errors="0" timestamp="2024-06-02T17:02:54 IST">
  <testcase classname="api.test.DataDrivenTests" name="testPostUser" time="2.662"/>
  <testcase classname="api.test.DataDrivenTests" name="testPostUser" time="1.491"/>
  <testcase classname="api.test.DataDrivenTests" name="testPostUser" time="1.596"/>
  <testcase classname="api.test.DataDrivenTests" name="testDeleteUserByName" time="1.383"/>
  <testcase classname="api.test.DataDrivenTests" name="testDeleteUserByName" time="1.438"/>
  <testcase classname="api.test.DataDrivenTests" name="testDeleteUserByName" time="1.44"/>
  <testcase classname="api.test.UserTests1" name="testPostUser" time="1.504"/>
  <testcase classname="api.test.UserTests1" name="testGetUserByName" time="1.599"/>
  <testcase classname="api.test.UserTests1" name="testUpdateUserByName" time="3.038"/>
  <testcase classname="api.test.UserTests1" name="testDeleteUserByName" time="1.599"/>
  <testcase classname="api.test.UserTests2" name="testPostUser" time="1.58"/>
  <testcase classname="api.test.UserTests2" name="testGetUserByName" time="1.586"/>
  <testcase classname="api.test.UserTests2" name="testUpdateUserByName" time="2.969"/>
  <testcase classname="api.test.UserTests2" name="testDeleteUserByName" time="1.684"/>
</testsuite> <!-- PetTests -->
